<?xml version="1.0" encoding="UTF-8"?>
<!-- Generated by org.testng.reporters.JUnitReportReporter -->
<testsuite hostname="narayankrishna" failures="0" tests="5" name="com.Nagarro.RestApi.Tests.CardTest" time="4.453" errors="0" timestamp="27 Dec 2020 20:52:58 GMT">
  <testcase classname="com.Nagarro.RestApi.Tests.CardTest" name="ValidGetCard" time="0.945"/>
  <testcase classname="com.Nagarro.RestApi.Tests.CardTest" name="InvalidGetCard" time="0.715"/>
  <testcase classname="com.Nagarro.RestApi.Tests.CardTest" name="ValidCreateCard" time="0.964"/>
  <testcase classname="com.Nagarro.RestApi.Tests.CardTest" name="ValidDeleteCard" time="0.926"/>
  <testcase classname="com.Nagarro.RestApi.Tests.CardTest" name="ValidUpdateCard" time="0.903"/>
</testsuite> <!-- com.Nagarro.RestApi.Tests.CardTest -->
