<?xml version="1.0" encoding="UTF-8"?>
<!-- Generated by org.testng.reporters.JUnitReportReporter -->
<testsuite hostname="narayankrishna" failures="0" tests="2" name="com.Nagarro.RestApi.Tests.SearchTest" time="1.794" errors="0" timestamp="27 Dec 2020 20:52:58 GMT">
  <testcase classname="com.Nagarro.RestApi.Tests.SearchTest" name="InvalidBoardSearch" time="0.735"/>
  <testcase classname="com.Nagarro.RestApi.Tests.SearchTest" name="ValidBoardSearch" time="1.059"/>
</testsuite> <!-- com.Nagarro.RestApi.Tests.SearchTest -->
