<?xml version="1.0" encoding="UTF-8"?>
<!-- Generated by org.testng.reporters.JUnitReportReporter -->
<testsuite hostname="narayankrishna" failures="0" tests="5" name="com.Nagarro.RestApi.Tests.ListTest" time="4.801" errors="0" timestamp="27 Dec 2020 20:52:58 GMT">
  <testcase classname="com.Nagarro.RestApi.Tests.ListTest" name="ValidGetList" time="0.966"/>
  <testcase classname="com.Nagarro.RestApi.Tests.ListTest" name="ValidCreateList" time="0.963"/>
  <testcase classname="com.Nagarro.RestApi.Tests.ListTest" name="InvalidGetList" time="0.938"/>
  <testcase classname="com.Nagarro.RestApi.Tests.ListTest" name="ValidUpdateList" time="0.982"/>
  <testcase classname="com.Nagarro.RestApi.Tests.ListTest" name="ValidArchiveList" time="0.952"/>
</testsuite> <!-- com.Nagarro.RestApi.Tests.ListTest -->
