<?xml version="1.0" encoding="UTF-8"?>
<!-- Generated by org.testng.reporters.JUnitReportReporter -->
<testsuite hostname="narayankrishna" failures="0" tests="1" name="com.Nagarro.RestApi.Tests.EmojiTest" time="0.766" errors="0" timestamp="27 Dec 2020 20:52:58 GMT">
  <testcase classname="com.Nagarro.RestApi.Tests.EmojiTest" name="ValidGetEmojis" time="0.766"/>
</testsuite> <!-- com.Nagarro.RestApi.Tests.EmojiTest -->
