<?xml version="1.0" encoding="UTF-8"?>
<!-- Generated by org.testng.reporters.JUnitReportReporter -->
<testsuite hostname="narayankrishna" failures="0" tests="5" name="com.Nagarro.RestApi.Tests.BoardTest" time="5.544" errors="0" timestamp="27 Dec 2020 20:52:58 GMT">
  <testcase classname="com.Nagarro.RestApi.Tests.BoardTest" name="ValidGetBoard" time="0.823"/>
  <testcase classname="com.Nagarro.RestApi.Tests.BoardTest" name="InvalidGetBoard" time="0.847"/>
  <testcase classname="com.Nagarro.RestApi.Tests.BoardTest" name="ValidUpdateBoard" time="0.983"/>
  <testcase classname="com.Nagarro.RestApi.Tests.BoardTest" name="ValidCreateBoard" time="1.729"/>
  <testcase classname="com.Nagarro.RestApi.Tests.BoardTest" name="ValidDeleteBoard" time="1.162"/>
</testsuite> <!-- com.Nagarro.RestApi.Tests.BoardTest -->
