<?xml version="1.0" encoding="UTF-8"?>
<!-- Generated by org.testng.reporters.JUnitReportReporter -->
<testsuite hostname="narayankrishna" name="com.Nagarro.RestApi.Tests.BoardTest" tests="5" failures="0" timestamp="29 Dec 2020 16:08:34 GMT" time="11.245" errors="0">
  <testcase name="ValidCreateBoard" time="4.612" classname="com.Nagarro.RestApi.Tests.BoardTest"/>
  <testcase name="ValidGetBoard" time="1.528" classname="com.Nagarro.RestApi.Tests.BoardTest"/>
  <testcase name="ValidDeleteBoard" time="1.573" classname="com.Nagarro.RestApi.Tests.BoardTest"/>
  <testcase name="InvalidGetBoard" time="1.708" classname="com.Nagarro.RestApi.Tests.BoardTest"/>
  <testcase name="ValidUpdateBoard" time="1.824" classname="com.Nagarro.RestApi.Tests.BoardTest"/>
</testsuite> <!-- com.Nagarro.RestApi.Tests.BoardTest -->
