<?xml version="1.0" encoding="UTF-8"?>
<!-- Generated by org.testng.reporters.JUnitReportReporter -->
<testsuite hostname="narayankrishna" name="com.Nagarro.RestApi.Tests.EmojiTest" tests="1" failures="0" timestamp="29 Dec 2020 16:08:34 GMT" time="1.268" errors="0">
  <testcase name="ValidGetEmojis" time="1.268" classname="com.Nagarro.RestApi.Tests.EmojiTest"/>
</testsuite> <!-- com.Nagarro.RestApi.Tests.EmojiTest -->
