<?xml version="1.0" encoding="UTF-8"?>
<!-- Generated by org.testng.reporters.JUnitReportReporter -->
<testsuite hostname="narayankrishna" name="com.Nagarro.RestApi.Tests.CardTest" tests="5" failures="0" timestamp="29 Dec 2020 16:08:34 GMT" time="6.666" errors="0">
  <testcase name="InvalidGetCard" time="1.596" classname="com.Nagarro.RestApi.Tests.CardTest"/>
  <testcase name="ValidDeleteCard" time="1.259" classname="com.Nagarro.RestApi.Tests.CardTest"/>
  <testcase name="ValidUpdateCard" time="1.266" classname="com.Nagarro.RestApi.Tests.CardTest"/>
  <testcase name="ValidCreateCard" time="1.311" classname="com.Nagarro.RestApi.Tests.CardTest"/>
  <testcase name="ValidGetCard" time="1.234" classname="com.Nagarro.RestApi.Tests.CardTest"/>
</testsuite> <!-- com.Nagarro.RestApi.Tests.CardTest -->
