<?xml version="1.0" encoding="UTF-8"?>
<!-- Generated by org.testng.reporters.JUnitReportReporter -->
<testsuite hostname="narayankrishna" name="com.Nagarro.RestApi.Tests.SearchTest" tests="2" failures="0" timestamp="29 Dec 2020 16:08:34 GMT" time="2.598" errors="0">
  <testcase name="ValidBoardSearch" time="1.281" classname="com.Nagarro.RestApi.Tests.SearchTest"/>
  <testcase name="InvalidBoardSearch" time="1.317" classname="com.Nagarro.RestApi.Tests.SearchTest"/>
</testsuite> <!-- com.Nagarro.RestApi.Tests.SearchTest -->
