<?xml version="1.0" encoding="UTF-8"?>
<!-- Generated by org.testng.reporters.JUnitReportReporter -->
<testsuite hostname="narayankrishna" name="com.Nagarro.RestApi.Tests.ListTest" tests="5" failures="0" timestamp="29 Dec 2020 16:08:34 GMT" time="6.831" errors="0">
  <testcase name="ValidArchiveList" time="1.708" classname="com.Nagarro.RestApi.Tests.ListTest"/>
  <testcase name="InvalidGetList" time="1.273" classname="com.Nagarro.RestApi.Tests.ListTest"/>
  <testcase name="ValidGetList" time="0.956" classname="com.Nagarro.RestApi.Tests.ListTest"/>
  <testcase name="ValidUpdateList" time="1.234" classname="com.Nagarro.RestApi.Tests.ListTest"/>
  <testcase name="ValidCreateList" time="1.660" classname="com.Nagarro.RestApi.Tests.ListTest"/>
</testsuite> <!-- com.Nagarro.RestApi.Tests.ListTest -->
