<?xml version="1.0" encoding="UTF-8"?>
<testsuite xmlns:xsi="http://www.w3.org/2001/XMLSchema-instance" xsi:noNamespaceSchemaLocation="https://maven.apache.org/surefire/maven-surefire-plugin/xsd/surefire-test-report.xsd" name="TestSuite" time="29.3" tests="18" errors="0" skipped="0" failures="0">
  <properties>
    <property name="sun.desktop" value="windows"/>
    <property name="awt.toolkit" value="sun.awt.windows.WToolkit"/>
    <property name="file.encoding.pkg" value="sun.io"/>
    <property name="java.specification.version" value="1.8"/>
    <property name="sun.cpu.isalist" value="amd64"/>
    <property name="sun.jnu.encoding" value="Cp1252"/>
    <property name="java.class.path" value="C:\Users\narayankrishna\Desktop\All\Study\Day 48 + REST API Assignment\NarayanKrishna_3155150_REST_API_Assignment\NarayanKrishna_3155150_REST_API_Assignment\Assignment\target\test-classes;C:\Users\narayankrishna\Desktop\All\Study\Day 48 + REST API Assignment\NarayanKrishna_3155150_REST_API_Assignment\NarayanKrishna_3155150_REST_API_Assignment\Assignment\target\classes;C:\Users\narayankrishna\.m2\repository\io\rest-assured\rest-assured\3.0.3\rest-assured-3.0.3.jar;C:\Users\narayankrishna\.m2\repository\org\codehaus\groovy\groovy\2.4.9\groovy-2.4.9.jar;C:\Users\narayankrishna\.m2\repository\org\codehaus\groovy\groovy-xml\2.4.9\groovy-xml-2.4.9.jar;C:\Users\narayankrishna\.m2\repository\org\apache\httpcomponents\httpclient\4.5.2\httpclient-4.5.2.jar;C:\Users\narayankrishna\.m2\repository\org\apache\httpcomponents\httpcore\4.4.4\httpcore-4.4.4.jar;C:\Users\narayankrishna\.m2\repository\commons-logging\commons-logging\1.2\commons-logging-1.2.jar;C:\Users\narayankrishna\.m2\repository\commons-codec\commons-codec\1.9\commons-codec-1.9.jar;C:\Users\narayankrishna\.m2\repository\org\apache\httpcomponents\httpmime\4.5.1\httpmime-4.5.1.jar;C:\Users\narayankrishna\.m2\repository\org\hamcrest\hamcrest-core\1.3\hamcrest-core-1.3.jar;C:\Users\narayankrishna\.m2\repository\org\hamcrest\hamcrest-library\1.3\hamcrest-library-1.3.jar;C:\Users\narayankrishna\.m2\repository\org\ccil\cowan\tagsoup\tagsoup\1.2.1\tagsoup-1.2.1.jar;C:\Users\narayankrishna\.m2\repository\io\rest-assured\json-path\3.3.0\json-path-3.3.0.jar;C:\Users\narayankrishna\.m2\repository\org\codehaus\groovy\groovy-json\2.4.15\groovy-json-2.4.15.jar;C:\Users\narayankrishna\.m2\repository\io\rest-assured\rest-assured-common\3.3.0\rest-assured-common-3.3.0.jar;C:\Users\narayankrishna\.m2\repository\io\rest-assured\xml-path\3.3.0\xml-path-3.3.0.jar;C:\Users\narayankrishna\.m2\repository\org\apache\commons\commons-lang3\3.4\commons-lang3-3.4.jar;C:\Users\narayankrishna\.m2\repository\javax\xml\bind\jaxb-api\2.2.12\jaxb-api-2.2.12.jar;C:\Users\narayankrishna\.m2\repository\com\sun\xml\bind\jaxb-osgi\2.2.10\jaxb-osgi-2.2.10.jar;C:\Users\narayankrishna\.m2\repository\org\apache\sling\org.apache.sling.javax.activation\0.1.0\org.apache.sling.javax.activation-0.1.0.jar;C:\Users\narayankrishna\.m2\repository\javax\activation\activation\1.1.1\activation-1.1.1.jar;C:\Users\narayankrishna\.m2\repository\org\testng\testng\6.8\testng-6.8.jar;C:\Users\narayankrishna\.m2\repository\junit\junit\4.10\junit-4.10.jar;C:\Users\narayankrishna\.m2\repository\org\beanshell\bsh\2.0b4\bsh-2.0b4.jar;C:\Users\narayankrishna\.m2\repository\com\beust\jcommander\1.27\jcommander-1.27.jar;C:\Users\narayankrishna\.m2\repository\org\yaml\snakeyaml\1.6\snakeyaml-1.6.jar;C:\Users\narayankrishna\.m2\repository\io\rest-assured\json-schema-validator\3.0.0\json-schema-validator-3.0.0.jar;C:\Users\narayankrishna\.m2\repository\com\github\fge\json-schema-validator\2.2.6\json-schema-validator-2.2.6.jar;C:\Users\narayankrishna\.m2\repository\com\google\code\findbugs\jsr305\3.0.0\jsr305-3.0.0.jar;C:\Users\narayankrishna\.m2\repository\joda-time\joda-time\2.3\joda-time-2.3.jar;C:\Users\narayankrishna\.m2\repository\com\googlecode\libphonenumber\libphonenumber\6.2\libphonenumber-6.2.jar;C:\Users\narayankrishna\.m2\repository\com\github\fge\json-schema-core\1.2.5\json-schema-core-1.2.5.jar;C:\Users\narayankrishna\.m2\repository\com\github\fge\uri-template\0.9\uri-template-0.9.jar;C:\Users\narayankrishna\.m2\repository\com\github\fge\msg-simple\1.1\msg-simple-1.1.jar;C:\Users\narayankrishna\.m2\repository\com\github\fge\btf\1.2\btf-1.2.jar;C:\Users\narayankrishna\.m2\repository\com\google\guava\guava\16.0.1\guava-16.0.1.jar;C:\Users\narayankrishna\.m2\repository\com\github\fge\jackson-coreutils\1.8\jackson-coreutils-1.8.jar;C:\Users\narayankrishna\.m2\repository\com\fasterxml\jackson\core\jackson-databind\2.2.3\jackson-databind-2.2.3.jar;C:\Users\narayankrishna\.m2\repository\com\fasterxml\jackson\core\jackson-annotations\2.2.3\jackson-annotations-2.2.3.jar;C:\Users\narayankrishna\.m2\repository\com\fasterxml\jackson\core\jackson-core\2.2.3\jackson-core-2.2.3.jar;C:\Users\narayankrishna\.m2\repository\org\mozilla\rhino\1.7R4\rhino-1.7R4.jar;C:\Users\narayankrishna\.m2\repository\javax\mail\mailapi\1.4.3\mailapi-1.4.3.jar;C:\Users\narayankrishna\.m2\repository\net\sf\jopt-simple\jopt-simple\4.6\jopt-simple-4.6.jar;C:\Users\narayankrishna\.m2\repository\log4j\log4j\1.2.17\log4j-1.2.17.jar;C:\Users\narayankrishna\.m2\repository\com\relevantcodes\extentreports\2.41.2\extentreports-2.41.2.jar;C:\Users\narayankrishna\.m2\repository\org\jsoup\jsoup\1.8.3\jsoup-1.8.3.jar;C:\Users\narayankrishna\.m2\repository\org\xerial\sqlite-jdbc\3.8.11.1\sqlite-jdbc-3.8.11.1.jar;C:\Users\narayankrishna\.m2\repository\org\freemarker\freemarker\2.3.23\freemarker-2.3.23.jar;C:\Users\narayankrishna\.m2\repository\org\mongodb\mongodb-driver\3.0.4\mongodb-driver-3.0.4.jar;C:\Users\narayankrishna\.m2\repository\org\mongodb\bson\3.0.4\bson-3.0.4.jar;C:\Users\narayankrishna\.m2\repository\org\mongodb\mongodb-driver-core\3.0.4\mongodb-driver-core-3.0.4.jar;"/>
    <property name="java.vm.vendor" value="Oracle Corporation"/>
    <property name="sun.arch.data.model" value="64"/>
    <property name="user.variant" value=""/>
    <property name="java.vendor.url" value="http://java.oracle.com/"/>
    <property name="user.timezone" value="Asia/Calcutta"/>
    <property name="java.vm.specification.version" value="1.8"/>
    <property name="os.name" value="Windows 10"/>
    <property name="user.country" value="IN"/>
    <property name="sun.java.launcher" value="SUN_STANDARD"/>
    <property name="sun.boot.library.path" value="C:\Program Files\Java\jdk1.8.0_221\jre\bin"/>
    <property name="sun.java.command" value="C:\Users\NARAYA~1\AppData\Local\Temp\surefire3743948490648452319\surefirebooter3429774733490502266.jar C:\Users\narayankrishna\AppData\Local\Temp\surefire3743948490648452319 2020-12-29T21-38-03_814-jvmRun1 surefire126066866631309871tmp surefire_03300574264103605758tmp"/>
    <property name="surefire.test.class.path" value="C:\Users\narayankrishna\Desktop\All\Study\Day 48 + REST API Assignment\NarayanKrishna_3155150_REST_API_Assignment\NarayanKrishna_3155150_REST_API_Assignment\Assignment\target\test-classes;C:\Users\narayankrishna\Desktop\All\Study\Day 48 + REST API Assignment\NarayanKrishna_3155150_REST_API_Assignment\NarayanKrishna_3155150_REST_API_Assignment\Assignment\target\classes;C:\Users\narayankrishna\.m2\repository\io\rest-assured\rest-assured\3.0.3\rest-assured-3.0.3.jar;C:\Users\narayankrishna\.m2\repository\org\codehaus\groovy\groovy\2.4.9\groovy-2.4.9.jar;C:\Users\narayankrishna\.m2\repository\org\codehaus\groovy\groovy-xml\2.4.9\groovy-xml-2.4.9.jar;C:\Users\narayankrishna\.m2\repository\org\apache\httpcomponents\httpclient\4.5.2\httpclient-4.5.2.jar;C:\Users\narayankrishna\.m2\repository\org\apache\httpcomponents\httpcore\4.4.4\httpcore-4.4.4.jar;C:\Users\narayankrishna\.m2\repository\commons-logging\commons-logging\1.2\commons-logging-1.2.jar;C:\Users\narayankrishna\.m2\repository\commons-codec\commons-codec\1.9\commons-codec-1.9.jar;C:\Users\narayankrishna\.m2\repository\org\apache\httpcomponents\httpmime\4.5.1\httpmime-4.5.1.jar;C:\Users\narayankrishna\.m2\repository\org\hamcrest\hamcrest-core\1.3\hamcrest-core-1.3.jar;C:\Users\narayankrishna\.m2\repository\org\hamcrest\hamcrest-library\1.3\hamcrest-library-1.3.jar;C:\Users\narayankrishna\.m2\repository\org\ccil\cowan\tagsoup\tagsoup\1.2.1\tagsoup-1.2.1.jar;C:\Users\narayankrishna\.m2\repository\io\rest-assured\json-path\3.3.0\json-path-3.3.0.jar;C:\Users\narayankrishna\.m2\repository\org\codehaus\groovy\groovy-json\2.4.15\groovy-json-2.4.15.jar;C:\Users\narayankrishna\.m2\repository\io\rest-assured\rest-assured-common\3.3.0\rest-assured-common-3.3.0.jar;C:\Users\narayankrishna\.m2\repository\io\rest-assured\xml-path\3.3.0\xml-path-3.3.0.jar;C:\Users\narayankrishna\.m2\repository\org\apache\commons\commons-lang3\3.4\commons-lang3-3.4.jar;C:\Users\narayankrishna\.m2\repository\javax\xml\bind\jaxb-api\2.2.12\jaxb-api-2.2.12.jar;C:\Users\narayankrishna\.m2\repository\com\sun\xml\bind\jaxb-osgi\2.2.10\jaxb-osgi-2.2.10.jar;C:\Users\narayankrishna\.m2\repository\org\apache\sling\org.apache.sling.javax.activation\0.1.0\org.apache.sling.javax.activation-0.1.0.jar;C:\Users\narayankrishna\.m2\repository\javax\activation\activation\1.1.1\activation-1.1.1.jar;C:\Users\narayankrishna\.m2\repository\org\testng\testng\6.8\testng-6.8.jar;C:\Users\narayankrishna\.m2\repository\junit\junit\4.10\junit-4.10.jar;C:\Users\narayankrishna\.m2\repository\org\beanshell\bsh\2.0b4\bsh-2.0b4.jar;C:\Users\narayankrishna\.m2\repository\com\beust\jcommander\1.27\jcommander-1.27.jar;C:\Users\narayankrishna\.m2\repository\org\yaml\snakeyaml\1.6\snakeyaml-1.6.jar;C:\Users\narayankrishna\.m2\repository\io\rest-assured\json-schema-validator\3.0.0\json-schema-validator-3.0.0.jar;C:\Users\narayankrishna\.m2\repository\com\github\fge\json-schema-validator\2.2.6\json-schema-validator-2.2.6.jar;C:\Users\narayankrishna\.m2\repository\com\google\code\findbugs\jsr305\3.0.0\jsr305-3.0.0.jar;C:\Users\narayankrishna\.m2\repository\joda-time\joda-time\2.3\joda-time-2.3.jar;C:\Users\narayankrishna\.m2\repository\com\googlecode\libphonenumber\libphonenumber\6.2\libphonenumber-6.2.jar;C:\Users\narayankrishna\.m2\repository\com\github\fge\json-schema-core\1.2.5\json-schema-core-1.2.5.jar;C:\Users\narayankrishna\.m2\repository\com\github\fge\uri-template\0.9\uri-template-0.9.jar;C:\Users\narayankrishna\.m2\repository\com\github\fge\msg-simple\1.1\msg-simple-1.1.jar;C:\Users\narayankrishna\.m2\repository\com\github\fge\btf\1.2\btf-1.2.jar;C:\Users\narayankrishna\.m2\repository\com\google\guava\guava\16.0.1\guava-16.0.1.jar;C:\Users\narayankrishna\.m2\repository\com\github\fge\jackson-coreutils\1.8\jackson-coreutils-1.8.jar;C:\Users\narayankrishna\.m2\repository\com\fasterxml\jackson\core\jackson-databind\2.2.3\jackson-databind-2.2.3.jar;C:\Users\narayankrishna\.m2\repository\com\fasterxml\jackson\core\jackson-annotations\2.2.3\jackson-annotations-2.2.3.jar;C:\Users\narayankrishna\.m2\repository\com\fasterxml\jackson\core\jackson-core\2.2.3\jackson-core-2.2.3.jar;C:\Users\narayankrishna\.m2\repository\org\mozilla\rhino\1.7R4\rhino-1.7R4.jar;C:\Users\narayankrishna\.m2\repository\javax\mail\mailapi\1.4.3\mailapi-1.4.3.jar;C:\Users\narayankrishna\.m2\repository\net\sf\jopt-simple\jopt-simple\4.6\jopt-simple-4.6.jar;C:\Users\narayankrishna\.m2\repository\log4j\log4j\1.2.17\log4j-1.2.17.jar;C:\Users\narayankrishna\.m2\repository\com\relevantcodes\extentreports\2.41.2\extentreports-2.41.2.jar;C:\Users\narayankrishna\.m2\repository\org\jsoup\jsoup\1.8.3\jsoup-1.8.3.jar;C:\Users\narayankrishna\.m2\repository\org\xerial\sqlite-jdbc\3.8.11.1\sqlite-jdbc-3.8.11.1.jar;C:\Users\narayankrishna\.m2\repository\org\freemarker\freemarker\2.3.23\freemarker-2.3.23.jar;C:\Users\narayankrishna\.m2\repository\org\mongodb\mongodb-driver\3.0.4\mongodb-driver-3.0.4.jar;C:\Users\narayankrishna\.m2\repository\org\mongodb\bson\3.0.4\bson-3.0.4.jar;C:\Users\narayankrishna\.m2\repository\org\mongodb\mongodb-driver-core\3.0.4\mongodb-driver-core-3.0.4.jar;"/>
    <property name="sun.cpu.endian" value="little"/>
    <property name="user.home" value="C:\Users\narayankrishna"/>
    <property name="user.language" value="en"/>
    <property name="java.specification.vendor" value="Oracle Corporation"/>
    <property name="java.home" value="C:\Program Files\Java\jdk1.8.0_221\jre"/>
    <property name="basedir" value="C:\Users\narayankrishna\Desktop\All\Study\Day 48 + REST API Assignment\NarayanKrishna_3155150_REST_API_Assignment\NarayanKrishna_3155150_REST_API_Assignment\Assignment"/>
    <property name="file.separator" value="\"/>
    <property name="line.separator" value="&#10;"/>
    <property name="java.vm.specification.vendor" value="Oracle Corporation"/>
    <property name="java.specification.name" value="Java Platform API Specification"/>
    <property name="java.awt.graphicsenv" value="sun.awt.Win32GraphicsEnvironment"/>
    <property name="surefire.real.class.path" value="C:\Users\NARAYA~1\AppData\Local\Temp\surefire3743948490648452319\surefirebooter3429774733490502266.jar"/>
    <property name="sun.boot.class.path" value="C:\Program Files\Java\jdk1.8.0_221\jre\lib\resources.jar;C:\Program Files\Java\jdk1.8.0_221\jre\lib\rt.jar;C:\Program Files\Java\jdk1.8.0_221\jre\lib\sunrsasign.jar;C:\Program Files\Java\jdk1.8.0_221\jre\lib\jsse.jar;C:\Program Files\Java\jdk1.8.0_221\jre\lib\jce.jar;C:\Program Files\Java\jdk1.8.0_221\jre\lib\charsets.jar;C:\Program Files\Java\jdk1.8.0_221\jre\lib\jfr.jar;C:\Program Files\Java\jdk1.8.0_221\jre\classes"/>
    <property name="user.script" value=""/>
    <property name="sun.management.compiler" value="HotSpot 64-Bit Tiered Compilers"/>
    <property name="java.runtime.version" value="1.8.0_221-b11"/>
    <property name="user.name" value="narayankrishna"/>
    <property name="path.separator" value=";"/>
    <property name="os.version" value="10.0"/>
    <property name="java.endorsed.dirs" value="C:\Program Files\Java\jdk1.8.0_221\jre\lib\endorsed"/>
    <property name="java.runtime.name" value="Java(TM) SE Runtime Environment"/>
    <property name="file.encoding" value="Cp1252"/>
    <property name="java.vm.name" value="Java HotSpot(TM) 64-Bit Server VM"/>
    <property name="localRepository" value="C:\Users\narayankrishna\.m2\repository"/>
    <property name="java.vendor.url.bug" value="http://bugreport.sun.com/bugreport/"/>
    <property name="java.io.tmpdir" value="C:\Users\NARAYA~1\AppData\Local\Temp\"/>
    <property name="java.version" value="1.8.0_221"/>
    <property name="user.dir" value="C:\Users\narayankrishna\Desktop\All\Study\Day 48 + REST API Assignment\NarayanKrishna_3155150_REST_API_Assignment\NarayanKrishna_3155150_REST_API_Assignment\Assignment"/>
    <property name="os.arch" value="amd64"/>
    <property name="java.vm.specification.name" value="Java Virtual Machine Specification"/>
    <property name="java.awt.printerjob" value="sun.awt.windows.WPrinterJob"/>
    <property name="sun.os.patch.level" value=""/>
    <property name="java.library.path" value="C:\Program Files\Java\jdk1.8.0_221\jre\bin;C:\Windows\Sun\Java\bin;C:\Windows\system32;C:\Windows;C:\Program Files (x86)\Common Files\Oracle\Java\javapath;C:\Windows\system32;C:\Windows;C:\Windows\System32\Wbem;C:\Windows\System32\WindowsPowerShell\v1.0\;C:\Windows\System32\OpenSSH\;C:\Program Files\TortoiseSVN\bin;C:\Program Files\Microsoft SQL Server\Client SDK\ODBC\130\Tools\Binn\;C:\Program Files (x86)\Microsoft SQL Server\140\Tools\Binn\;C:\Program Files\Microsoft SQL Server\140\Tools\Binn\;C:\Program Files\Microsoft SQL Server\140\DTS\Binn\;C:\Program Files (x86)\Microsoft SQL Server\150\DTS\Binn\;C:\Program Files\dotnet\;C:\Program Files\Microsoft SQL Server\130\Tools\Binn\;C:\Program Files (x86)\Microsoft SQL Server\140\DTS\Binn\;C:\Program Files (x86)\Microsoft SQL Server\Client SDK\ODBC\130\Tools\Binn\;C:\Program Files (x86)\Microsoft SQL Server\140\Tools\Binn\ManagementStudio\;C:\Program Files\Git\cmd;C:\apache-maven-3.6.3\bin;C:\Users\narayankrishna\AppData\Local\Microsoft\WindowsApps;C:\Users\narayankrishna\.dotnet\tools;."/>
    <property name="java.vm.info" value="mixed mode"/>
    <property name="java.vendor" value="Oracle Corporation"/>
    <property name="java.vm.version" value="25.221-b11"/>
    <property name="java.ext.dirs" value="C:\Program Files\Java\jdk1.8.0_221\jre\lib\ext;C:\Windows\Sun\Java\lib\ext"/>
    <property name="sun.io.unicode.encoding" value="UnicodeLittle"/>
    <property name="java.class.version" value="52.0"/>
  </properties>
  <testcase name="ValidCreateBoard" classname="com.Nagarro.RestApi.Tests.BoardTest" time="4.189"/>
  <testcase name="ValidGetBoard" classname="com.Nagarro.RestApi.Tests.BoardTest" time="1.513"/>
  <testcase name="InvalidGetBoard" classname="com.Nagarro.RestApi.Tests.BoardTest" time="1.697"/>
  <testcase name="ValidUpdateBoard" classname="com.Nagarro.RestApi.Tests.BoardTest" time="1.796"/>
  <testcase name="ValidDeleteBoard" classname="com.Nagarro.RestApi.Tests.BoardTest" time="1.563"/>
  <testcase name="ValidCreateCard" classname="com.Nagarro.RestApi.Tests.CardTest" time="1.304"/>
  <testcase name="ValidGetCard" classname="com.Nagarro.RestApi.Tests.CardTest" time="1.226"/>
  <testcase name="InvalidGetCard" classname="com.Nagarro.RestApi.Tests.CardTest" time="1.577"/>
  <testcase name="ValidUpdateCard" classname="com.Nagarro.RestApi.Tests.CardTest" time="1.26"/>
  <testcase name="ValidDeleteCard" classname="com.Nagarro.RestApi.Tests.CardTest" time="1.25"/>
  <testcase name="ValidGetEmojis" classname="com.Nagarro.RestApi.Tests.EmojiTest" time="1.262"/>
  <testcase name="ValidCreateList" classname="com.Nagarro.RestApi.Tests.ListTest" time="1.653"/>
  <testcase name="ValidGetList" classname="com.Nagarro.RestApi.Tests.ListTest" time="0.94"/>
  <testcase name="InvalidGetList" classname="com.Nagarro.RestApi.Tests.ListTest" time="1.265"/>
  <testcase name="ValidUpdateList" classname="com.Nagarro.RestApi.Tests.ListTest" time="1.226"/>
  <testcase name="ValidArchiveList" classname="com.Nagarro.RestApi.Tests.ListTest" time="1.7"/>
  <testcase name="ValidBoardSearch" classname="com.Nagarro.RestApi.Tests.SearchTest" time="1.274"/>
  <testcase name="InvalidBoardSearch" classname="com.Nagarro.RestApi.Tests.SearchTest" time="1.306"/>
</testsuite>